<?xml version="1.0" encoding="UTF-8"?>
<testsuite name="Mo-Capstone-TaskTwo"
           tests="2"
           failures="0"
           errors="0"
           skipped="0"
           time="59.233">
    <properties></properties>



            <testcase
                name="verifyIncorrectEmailCorrectPass"
                time="32.280"
                classname="tests.LoginRegisteredUserTest">
            </testcase>
            <testcase
                name="LogInUser"
                time="26.953"
                classname="tests.LoginRegisteredUserTest">
            </testcase>
</testsuite>
