<?xml version="1.0" encoding="UTF-8"?>
<testsuite name="Mo-Capstone-TaskTwo"
           tests="5"
           failures="0"
           errors="0"
           skipped="0"
           time="87.519">
    <properties></properties>



            <testcase
                name="verifyRegistrationUserTest"
                time="12.721"
                classname="tests.RegistrationPageTest">
            </testcase>
            <testcase
                name="emailValidation"
                time="25.564"
                classname="tests.RegistrationPageTest">
            </testcase>
            <testcase
                name="negativeTestingForLogin"
                time="8.576"
                classname="tests.RegistrationPageTest">
            </testcase>
            <testcase
                name="RequiredMandatoryFields"
                time="24.401"
                classname="tests.RegistrationPageTest">
            </testcase>
            <testcase
                name="NewUserRegistrationPage"
                time="16.257"
                classname="tests.RegistrationPageTest">
            </testcase>
</testsuite>
